#
# There is insufficient memory for the Java Runtime Environment to continue.
# Native memory allocation (malloc) failed to allocate 1048576 bytes for AllocateHeap
# Possible reasons:
#   The system is out of physical RAM or swap space
#   In 32 bit mode, the process size limit was hit
# Possible solutions:
#   Reduce memory load on the system
#   Increase physical memory or swap space
#   Check if swap backing store is full
#   Use 64 bit Java on a 64 bit OS
#   Decrease Java heap size (-Xmx/-Xms)
#   Decrease number of Java threads
#   Decrease Java thread stack sizes (-Xss)
#   Set larger code cache with -XX:ReservedCodeCacheSize=
# This output file may be truncated or incomplete.
#
#  Out of Memory Error (memory/allocation.inline.hpp:61), pid=3048, tid=14788
#
# JRE version:  (8.0_60-b27) (build )
# Java VM: Java HotSpot(TM) 64-Bit Server VM (25.60-b23 mixed mode windows-amd64 compressed oops)
# Failed to write core dump. Minidumps are not enabled by default on client versions of Windows
#

---------------  T H R E A D  ---------------

Current thread (0x0000000002a73800):  JavaThread "Unknown thread" [_thread_in_vm, id=14788, stack(0x00000000026a0000,0x00000000027a0000)]

Stack: [0x00000000026a0000,0x00000000027a0000]
[error occurred during error reporting (printing stack bounds), id 0xc0000005]

Native frames: (J=compiled Java code, j=interpreted, Vv=VM code, C=native code)


---------------  P R O C E S S  ---------------

Java Threads: ( => current thread )

Other Threads:

=>0x0000000002a73800 (exited) JavaThread "Unknown thread" [_thread_in_vm, id=14788, stack(0x00000000026a0000,0x00000000027a0000)]

VM state:not at safepoint (normal execution)

VM Mutex/Monitor currently owned by a thread: None

Heap:
 PSYoungGen      total 38400K, used 665K [0x00000000d5f00000, 0x00000000d8980000, 0x0000000100000000)
  eden space 33280K, 2% used [0x00000000d5f00000,0x00000000d5fa6670,0x00000000d7f80000)
  from space 5120K, 0% used [0x00000000d8480000,0x00000000d8480000,0x00000000d8980000)
  to   space 5120K, 0% used [0x00000000d7f80000,0x00000000d7f80000,0x00000000d8480000)
 ParOldGen       total 87552K, used 0K [0x0000000081c00000, 0x0000000087180000, 0x00000000d5f00000)
  object space 87552K, 0% used [0x0000000081c00000,0x0000000081c00000,0x0000000087180000)
 Metaspace       used 767K, capacity 4480K, committed 4480K, reserved 1056768K
  class space    used 75K, capacity 384K, committed 384K, reserved 1048576K

Card table byte_map: [0x0000000011f30000,0x0000000012330000] byte_map_base: 0x0000000011b22000

Marking Bits: (ParMarkBitMap*) 0x000000005237a5b0
 Begin Bits: [0x00000000129e0000, 0x0000000014970000)
 End Bits:   [0x0000000014970000, 0x0000000016900000)

Polling page: 0x00000000027a0000

CodeCache: size=245760Kb used=328Kb max_used=328Kb free=245431Kb
 bounds [0x0000000002b70000, 0x0000000002de0000, 0x0000000011b70000]
 total_blobs=57 nmethods=0 adapters=37
 compilation: enabled

Compilation events (0 events):
No events

GC Heap History (0 events):
No events

Deoptimization events (0 events):
No events

Internal exceptions (0 events):
No events

Events (10 events):
Event: 0.163 loading class java/lang/Short
Event: 0.163 loading class java/lang/Short done
Event: 0.163 loading class java/lang/Integer
Event: 0.164 loading class java/lang/Integer done
Event: 0.164 loading class java/lang/Long
Event: 0.164 loading class java/lang/Long done
Event: 0.168 loading class java/lang/NullPointerException
Event: 0.168 loading class java/lang/NullPointerException done
Event: 0.168 loading class java/lang/ArithmeticException
Event: 0.168 loading class java/lang/ArithmeticException done


Dynamic libraries:
0x00007ff659050000 - 0x00007ff659087000 	C:\Program Files\Java\jdk1.8.0_60\bin\java.exe
0x00007ffbf6950000 - 0x00007ffbf6b2b000 	C:\WINDOWS\SYSTEM32\ntdll.dll
0x00007ffbf4170000 - 0x00007ffbf421e000 	C:\WINDOWS\System32\KERNEL32.DLL
0x00007ffbf2e70000 - 0x00007ffbf30b9000 	C:\WINDOWS\System32\KERNELBASE.dll
0x00007ffbf6890000 - 0x00007ffbf6931000 	C:\WINDOWS\System32\ADVAPI32.dll
0x00007ffbf5010000 - 0x00007ffbf50ad000 	C:\WINDOWS\System32\msvcrt.dll
0x00007ffbf4530000 - 0x00007ffbf4589000 	C:\WINDOWS\System32\sechost.dll
0x00007ffbf6690000 - 0x00007ffbf67b5000 	C:\WINDOWS\System32\RPCRT4.dll
0x00007ffbf49e0000 - 0x00007ffbf4b2a000 	C:\WINDOWS\System32\USER32.dll
0x00007ffbf3390000 - 0x00007ffbf33ae000 	C:\WINDOWS\System32\win32u.dll
0x00007ffbf4b90000 - 0x00007ffbf4bb7000 	C:\WINDOWS\System32\GDI32.dll
0x00007ffbf3d20000 - 0x00007ffbf3ea7000 	C:\WINDOWS\System32\gdi32full.dll
0x00007ffbf32f0000 - 0x00007ffbf338a000 	C:\WINDOWS\System32\msvcp_win.dll
0x00007ffbf33b0000 - 0x00007ffbf34a6000 	C:\WINDOWS\System32\ucrtbase.dll
0x00007ffbe7cc0000 - 0x00007ffbe7f27000 	C:\WINDOWS\WinSxS\amd64_microsoft.windows.common-controls_6595b64144ccf1df_6.0.15063.483_none_26002d27e7c744a2\COMCTL32.dll
0x00007ffbf4d10000 - 0x00007ffbf5009000 	C:\WINDOWS\System32\combase.dll
0x00007ffbf3cb0000 - 0x00007ffbf3d1a000 	C:\WINDOWS\System32\bcryptPrimitives.dll
0x00007ffbf50b0000 - 0x00007ffbf50dd000 	C:\WINDOWS\System32\IMM32.DLL
0x0000000052400000 - 0x00000000524d2000 	C:\Program Files\Java\jdk1.8.0_60\jre\bin\msvcr100.dll
0x0000000051b70000 - 0x00000000523f9000 	C:\Program Files\Java\jdk1.8.0_60\jre\bin\server\jvm.dll
0x00007ffbf4050000 - 0x00007ffbf4058000 	C:\WINDOWS\System32\PSAPI.DLL
0x00007ffbe31f0000 - 0x00007ffbe31f9000 	C:\WINDOWS\SYSTEM32\WSOCK32.dll
0x00007ffbf44c0000 - 0x00007ffbf452c000 	C:\WINDOWS\System32\WS2_32.dll
0x00007ffbf11e0000 - 0x00007ffbf1203000 	C:\WINDOWS\SYSTEM32\WINMM.dll
0x00007ffbef860000 - 0x00007ffbef86a000 	C:\WINDOWS\SYSTEM32\VERSION.dll
0x00007ffbf1180000 - 0x00007ffbf11ab000 	C:\WINDOWS\SYSTEM32\winmmbase.dll
0x00007ffbf3bb0000 - 0x00007ffbf3bf9000 	C:\WINDOWS\System32\cfgmgr32.dll
0x0000000054c00000 - 0x0000000054c0f000 	C:\Program Files\Java\jdk1.8.0_60\jre\bin\verify.dll
0x0000000054bd0000 - 0x0000000054bf9000 	C:\Program Files\Java\jdk1.8.0_60\jre\bin\java.dll
0x0000000054080000 - 0x00000000540a3000 	C:\Program Files\Java\jdk1.8.0_60\jre\bin\instrument.dll
0x0000000054b50000 - 0x0000000054b66000 	C:\Program Files\Java\jdk1.8.0_60\jre\bin\zip.dll

VM Arguments:
jvm_args: -ea -Didea.test.cyclic.buffer.size=1048576 -javaagent:C:\Program Files\JetBrains\IntelliJ IDEA Community Edition 2017.2.5\lib\idea_rt.jar=57963:C:\Program Files\JetBrains\IntelliJ IDEA Community Edition 2017.2.5\bin -Dfile.encoding=UTF-8 
java_command: com.intellij.rt.execution.junit.JUnitStarter -ideVersion5 -junit4 com.iteso.nintendo.BananaTest
java_class_path (initial): C:\Program Files\JetBrains\IntelliJ IDEA Community Edition 2017.2.5\lib\idea_rt.jar;C:\Program Files\JetBrains\IntelliJ IDEA Community Edition 2017.2.5\plugins\junit\lib\junit-rt.jar;C:\Program Files\JetBrains\IntelliJ IDEA Community Edition 2017.2.5\plugins\junit\lib\junit5-rt.jar;C:\Program Files\Java\jdk1.8.0_60\jre\lib\charsets.jar;C:\Program Files\Java\jdk1.8.0_60\jre\lib\deploy.jar;C:\Program Files\Java\jdk1.8.0_60\jre\lib\ext\access-bridge-64.jar;C:\Program Files\Java\jdk1.8.0_60\jre\lib\ext\cldrdata.jar;C:\Program Files\Java\jdk1.8.0_60\jre\lib\ext\dnsns.jar;C:\Program Files\Java\jdk1.8.0_60\jre\lib\ext\jaccess.jar;C:\Program Files\Java\jdk1.8.0_60\jre\lib\ext\jfxrt.jar;C:\Program Files\Java\jdk1.8.0_60\jre\lib\ext\localedata.jar;C:\Program Files\Java\jdk1.8.0_60\jre\lib\ext\nashorn.jar;C:\Program Files\Java\jdk1.8.0_60\jre\lib\ext\sunec.jar;C:\Program Files\Java\jdk1.8.0_60\jre\lib\ext\sunjce_provider.jar;C:\Program Files\Java\jdk1.8.0_60\jre\lib\ext\sunmscapi.jar;C:\Program Files\Java\jdk1.8.0_60\jre\lib\ext\sunpkcs11.jar;C:\Program Files\Java\jdk1.8.0_60\jre\lib\ext\zipfs.jar;C:\Program Files\Java\jdk1.8.0_60\jre\lib\javaws.jar;C:\Program Files\Java\jdk1.8.0_60\jre\lib\jce.jar;C:\Program Files\Java\jdk1.8.0_60\jre\lib\jfr.jar;C:\Program Files\Java\jdk1.8.0_60\jre\lib\jfxswt.jar;C:\Program Files\Java\jdk1.8.0_60\jre\lib\jsse.jar;C:\Program Files\Java\jdk1.8.0_60\jre\lib\management-agent.jar;C:\Program Files\Java\jdk1.8.0_60\jre\lib\plugin.jar;C:\Program Files\Java\jdk1.8.0_60\jre\lib\resources.jar;C:\Program Files\Java\jdk1.8.0_60\jre\lib\rt.jar;C:\Users\JUAN CARLOS\Documents\Ingeniería en Sistemas Computacionales\7mo Semestre\Diseño de software\Repositorios\strategy-practice\target\test-classes;C:\Users\JUAN CARLOS\Documents\Ingeniería en Sistemas Computacionales\7mo Semestre\Diseño de software\Repositorios\strategy-practice\target\classes;C:\Users\JUAN CARLOS\.m2\repository\junit\junit\4.12\junit-4.12.jar;C:\Users\JUAN CARLOS
Launcher Type: SUN_STANDARD

Environment Variables:
JAVA_HOME=C:\Program Files\Java\jdk1.8.0_60
PATH=C:\ProgramData\Oracle\Java\javapath;c:\Program Files (x86)\Intel\iCLS Client\;c:\Program Files\Intel\iCLS Client\;C:\WINDOWS\system32;C:\WINDOWS;C:\WINDOWS\System32\Wbem;C:\WINDOWS\System32\WindowsPowerShell\v1.0\;C:\MinGW\bin;C:\Program Files (x86)\Common Files\Roxio Shared\DLLShared\;C:\Program Files (x86)\Common Files\Roxio Shared\Game1X\DLLShared\;C:\Program Files (x86)\Windows Kits\8.1\Windows Performance Toolkit\;C:\Program Files\Microsoft SQL Server\110\Tools\Binn\;C:\Program Files (x86)\Microsoft SDKs\TypeScript\1.0\;C:\Program Files\Microsoft SQL Server\120\Tools\Binn\;C:\Program Files\Intel\WiFi\bin\;C:\Program Files\Common Files\Intel\WirelessCommon\;C:\Users\JUAN CARLOS\AppData\Local\GitHub\PortableGit_c2ba306e536fdf878271f7fe636a147ff37326ad\bin;C:\Users\JUAN CARLOS\AppData\Local\GitHub\PortableGit_c2ba306e536fdf878271f7fe636a147ff37326ad\cmd;C:\Program Files (x86)\QuickTime\QTSystem\;C:\Program Files (x86)\Microsoft SQL Server\Client SDK\ODBC\110\Tools\Binn\;C:\Program Files (x86)\Microsoft SQL Server\120\Tools\Binn\;C:\Program Files (x86)\Microsoft SQL Server\120\DTS\Binn\;C:\Program Files (x86)\Microsoft SQL Server\120\Tools\Binn\ManagementStudio\;C:\Program Files (x86)\SQL Anywhere 11\bin64;C:\Program Files (x86)\SQL Anywhere 11\bin32;C:\Program Files (x86)\Sybase\Shared\PowerBuilder;C:\Program Files\Microsoft SQL Server\120\DTS\Binn\;C:\WINDOWS\Microsoft.NET\Framework\v2.0.50727;C:\Program Files\Microsoft SQL Server\Client SDK\ODBC\110\Tools\Binn\;C:\Program Files (x86)\Skype\Phone\;C:\Microsoft SQL Server Migration Assistant for MySQL\bin\;C:\Program Files (x86)\WinMerge;C:\Program Files (x86)\Sybase\PowerBuilder 11.5;C:\Program Files\Java\jdk1.8.0_60\bin;C:\Modeltech_pe_edu_10.4a\win32pe_edu;C:\Users\JUAN CARLOS\AppData\Local\Microsoft\WindowsApps;C:\intelFPGA_lite\17.0\modelsim_ase\win32aloem;C:\Maven\apache-maven-3.5.0\bin;
USERNAME=JUAN CARLOS
OS=Windows_NT
PROCESSOR_IDENTIFIER=Intel64 Family 6 Model 69 Stepping 1, GenuineIntel



---------------  S Y S T E M  ---------------

OS: Windows 10.0 , 64 bit Build 15063 (10.0.15063.296)

CPU:total 4 (2 cores per cpu, 2 threads per core) family 6 model 69 stepping 1, cmov, cx8, fxsr, mmx, sse, sse2, sse3, ssse3, sse4.1, sse4.2, popcnt, avx, avx2, aes, clmul, erms, lzcnt, ht, tsc, tscinvbit, bmi1, bmi2

Memory: 4k page, physical 8266712k(1876384k free), swap 12954584k(6152k free)

vm_info: Java HotSpot(TM) 64-Bit Server VM (25.60-b23) for windows-amd64 JRE (1.8.0_60-b27), built on Aug  4 2015 11:06:27 by "java_re" with MS VC++ 10.0 (VS2010)

time: Sat Nov 11 22:45:21 2017
elapsed time: 0 seconds (0d 0h 0m 0s)

